#
# A fatal error has been detected by the Java Runtime Environment:
#
#  EXCEPTION_ACCESS_VIOLATION (0xc0000005) at pc=0x000000000cd37237, pid=5596, tid=4296
#
# JRE version: Java(TM) SE Runtime Environment (7.0_60-b19) (build 1.7.0_60-b19)
# Java VM: Java HotSpot(TM) 64-Bit Server VM (24.60-b09 mixed mode windows-amd64 compressed oops)
# Problematic frame:
# C  [ig7icd64.dll+0x57237]
#
# Failed to write core dump. Minidumps are not enabled by default on client versions of Windows
#
# If you would like to submit a bug report, please visit:
#   http://bugreport.sun.com/bugreport/crash.jsp
# The crash happened outside the Java Virtual Machine in native code.
# See problematic frame for where to report the bug.
#

---------------  T H R E A D  ---------------

Current thread (0x000000000222e000):  JavaThread "main" [_thread_in_native, id=4296, stack(0x0000000002560000,0x0000000002660000)]

siginfo: ExceptionCode=0xc0000005, reading address 0xffffffffffffffff

Registers:
RAX=0x000000000fa0dae0, RBX=0x0800e00600000006, RCX=0x000000000d9fa140, RDX=0x000000000d9f3478
RSP=0x000000000265edd0, RBP=0x000000000d9f3478, RSI=0x000000000d9fa140, RDI=0x00000000005f5020
R8 =0xff3d8073ffff0000, R9 =0xff3d807402b40001, R10=0x0000000000000000, R11=0x0000000000000000
R12=0x0000000000000000, R13=0x000000077e1557e8, R14=0x000000000d9fa528, R15=0x0000000000000000
RIP=0x000000000cd37237, EFLAGS=0x0000000000010202

Top of Stack: (sp=0x000000000265edd0)
0x000000000265edd0:   0000000000000000 0000000077421a4a
0x000000000265ede0:   0000000000000000 00000000005e1c20
0x000000000265edf0:   000000000222e000 000000000265ef58
0x000000000265ee00:   00000000005f5020 000000000cd19d39
0x000000000265ee10:   000000000d9f4830 0000000000000000
0x000000000265ee20:   000000000d98b000 000000000d98b000
0x000000000265ee30:   00000000005e1c20 000000000cce6986
0x000000000265ee40:   000000000060b180 000000000222e001
0x000000000265ee50:   0000000000000004 0000000000000000
0x000000000265ee60:   000007ffffef0000 000000000d131379
0x000000000265ee70:   00000000005e1c20 000000000265ef38
0x000000000265ee80:   0000000000000000 000000000222e850
0x000000000265ee90:   0000000000000000 000007fef5e88c50
0x000000000265eea0:   0000000000010000 0000000000010000
0x000000000265eeb0:   000000000265ef38 0000000000000000
0x000000000265eec0:   000000077e1557f0 0000000002673150 

Instructions: (pc=0x000000000cd37237)
0x000000000cd37217:   20 4c 8d b1 e8 03 00 00 45 33 ff 48 8b ea 49 8b
0x000000000cd37227:   06 48 8b f1 48 8b 18 48 3b d8 0f 84 60 01 00 00
0x000000000cd37237:   44 38 bb d1 02 00 00 74 4f 44 38 7e 40 74 21 48
0x000000000cd37247:   8b 46 30 48 8b ce 48 85 c0 74 0c 48 8b c8 48 8b 


Register to memory mapping:

RAX=0x000000000fa0dae0 is an unknown value
RBX=0x0800e00600000006 is an unknown value
RCX=0x000000000d9fa140 is an unknown value
RDX=0x000000000d9f3478 is an unknown value
RSP=0x000000000265edd0 is pointing into the stack for thread: 0x000000000222e000
RBP=0x000000000d9f3478 is an unknown value
RSI=0x000000000d9fa140 is an unknown value
RDI=0x00000000005f5020 is an unknown value
R8 =0xff3d8073ffff0000 is an unknown value
R9 =0xff3d807402b40001 is an unknown value
R10=0x0000000000000000 is an unknown value
R11=0x0000000000000000 is an unknown value
R12=0x0000000000000000 is an unknown value
R13=0x000000077e1557e8 is pointing into object: 0x000000077e1557a8
{constMethod} 
 - klass: {other class}
 - constants:       0x000000077e1541a8 constant pool [118] for 'org/lwjgl/opengl/WindowsContextImplementation' cache=0x000000077e155b28
R14=0x000000000d9fa528 is an unknown value
R15=0x0000000000000000 is an unknown value


Stack: [0x0000000002560000,0x0000000002660000],  sp=0x000000000265edd0,  free space=1019k
Native frames: (J=compiled Java code, j=interpreted, Vv=VM code, C=native code)
C  [ig7icd64.dll+0x57237]

Java frames: (J=compiled Java code, j=interpreted, Vv=VM code)
j  org.lwjgl.opengl.WindowsContextImplementation.nDestroy(Ljava/nio/ByteBuffer;)V+0
j  org.lwjgl.opengl.WindowsContextImplementation.destroy(Lorg/lwjgl/opengl/PeerInfo;Ljava/nio/ByteBuffer;)V+1
j  org.lwjgl.opengl.ContextGL.checkDestroy()V+29
j  org.lwjgl.opengl.ContextGL.destroy()V+48
j  org.lwjgl.opengl.ContextGL.forceDestroy()V+5
j  org.lwjgl.opengl.DrawableGL.destroy()V+24
j  org.lwjgl.opengl.Display$5.destroy()V+19
j  org.lwjgl.opengl.Display.destroy()V+9
j  core.Main.destroy()V+6
j  core.Main.main([Ljava/lang/String;)V+6
v  ~StubRoutines::call_stub

---------------  P R O C E S S  ---------------

Java Threads: ( => current thread )
  0x0000000011b74800 JavaThread "LWJGL Timer" daemon [_thread_blocked, id=2664, stack(0x000000000e510000,0x000000000e610000)]
  0x000000000c6ed000 JavaThread "Java2D Disposer" daemon [_thread_blocked, id=5228, stack(0x0000000011000000,0x0000000011100000)]
  0x000000000a734800 JavaThread "Service Thread" daemon [_thread_blocked, id=1164, stack(0x000000000c310000,0x000000000c410000)]
  0x000000000a721800 JavaThread "C2 CompilerThread1" daemon [_thread_blocked, id=3000, stack(0x000000000c060000,0x000000000c160000)]
  0x000000000a71f800 JavaThread "C2 CompilerThread0" daemon [_thread_blocked, id=4064, stack(0x000000000bd40000,0x000000000be40000)]
  0x000000000a71e000 JavaThread "Attach Listener" daemon [_thread_blocked, id=784, stack(0x000000000be40000,0x000000000bf40000)]
  0x000000000a717000 JavaThread "Signal Dispatcher" daemon [_thread_blocked, id=2512, stack(0x000000000bc10000,0x000000000bd10000)]
  0x000000000a6c4800 JavaThread "Finalizer" daemon [_thread_blocked, id=2656, stack(0x000000000b7a0000,0x000000000b8a0000)]
  0x000000000a6bd000 JavaThread "Reference Handler" daemon [_thread_blocked, id=1544, stack(0x000000000ba90000,0x000000000bb90000)]
=>0x000000000222e000 JavaThread "main" [_thread_in_native, id=4296, stack(0x0000000002560000,0x0000000002660000)]

Other Threads:
  0x000000000a6b9000 VMThread [stack: 0x000000000b8d0000,0x000000000b9d0000] [id=6032]
  0x000000000a73f000 WatcherThread [stack: 0x000000000c900000,0x000000000ca00000] [id=5188]

VM state:not at safepoint (normal execution)

VM Mutex/Monitor currently owned by a thread: None

Heap
 PSYoungGen      total 111616K, used 89783K [0x00000007d6500000, 0x00000007e4300000, 0x0000000800000000)
  eden space 106496K, 79% used [0x00000007d6500000,0x00000007db7adcb0,0x00000007dcd00000)
  from space 5120K, 100% used [0x00000007de500000,0x00000007dea00000,0x00000007dea00000)
  to   space 60416K, 0% used [0x00000007e0800000,0x00000007e0800000,0x00000007e4300000)
 ParOldGen       total 193024K, used 90610K [0x0000000783000000, 0x000000078ec80000, 0x00000007d6500000)
  object space 193024K, 46% used [0x0000000783000000,0x000000078887c850,0x000000078ec80000)
 PSPermGen       total 21504K, used 6949K [0x000000077de00000, 0x000000077f300000, 0x0000000783000000)
  object space 21504K, 32% used [0x000000077de00000,0x000000077e4c9740,0x000000077f300000)

Card table byte_map: [0x0000000005660000,0x0000000005a80000] byte_map_base: 0x0000000001a71000

Polling page: 0x00000000004d0000

Code Cache  [0x0000000002660000, 0x00000000028d0000, 0x0000000005660000)
 total_blobs=658 nmethods=251 adapters=359 free_code_cache=48015Kb largest_free_block=49135872

Compilation events (10 events):
Event: 4.466 Thread 0x000000000a71f800  247             worldgen.WorldSystem::update (790 bytes)
Event: 4.556 Thread 0x000000000a71f800 nmethod 247 0x000000000277b7d0 code [0x000000000277bde0, 0x000000000277ec20]
Event: 17.660 Thread 0x000000000a721800  249             org.lwjgl.opengl.Sync$RunningAvg::avg (37 bytes)
Event: 17.662 Thread 0x000000000a721800 nmethod 249 0x000000000274d790 code [0x000000000274d8c0, 0x000000000274da18]
Event: 19.938 Thread 0x000000000a71f800  250             java.nio.Buffer::checkIndex (22 bytes)
Event: 19.938 Thread 0x000000000a71f800 nmethod 250 0x000000000274d550 code [0x000000000274d680, 0x000000000274d6f8]
Event: 20.297 Thread 0x000000000a721800  251             java.nio.Buffer::position (5 bytes)
Event: 20.297 Thread 0x000000000a721800 nmethod 251 0x00000000026d1e90 code [0x00000000026d1fc0, 0x00000000026d2018]
Event: 22.097 Thread 0x000000000a71f800  252             java.nio.Buffer::remaining (10 bytes)
Event: 22.098 Thread 0x000000000a71f800 nmethod 252 0x00000000026d1c90 code [0x00000000026d1dc0, 0x00000000026d1e18]

GC Heap History (10 events):
Event: 1.117 GC heap before
{Heap before GC invocations=2 (full 0):
 PSYoungGen      total 37888K, used 37875K [0x00000007d6500000, 0x00000007daf00000, 0x0000000800000000)
  eden space 32768K, 100% used [0x00000007d6500000,0x00000007d8500000,0x00000007d8500000)
  from space 5120K, 99% used [0x00000007d8500000,0x00000007d89fcce8,0x00000007d8a00000)
  to   space 5120K, 0% used [0x00000007daa00000,0x00000007daa00000,0x00000007daf00000)
 ParOldGen       total 84992K, used 14846K [0x0000000783000000, 0x0000000788300000, 0x00000007d6500000)
  object space 84992K, 17% used [0x0000000783000000,0x0000000783e7fa18,0x0000000788300000)
 PSPermGen       total 21504K, used 4356K [0x000000077de00000, 0x000000077f300000, 0x0000000783000000)
  object space 21504K, 20% used [0x000000077de00000,0x000000077e241080,0x000000077f300000)
Event: 1.154 GC heap after
Heap after GC invocations=2 (full 0):
 PSYoungGen      total 70656K, used 5120K [0x00000007d6500000, 0x00000007daf00000, 0x0000000800000000)
  eden space 65536K, 0% used [0x00000007d6500000,0x00000007d6500000,0x00000007da500000)
  from space 5120K, 100% used [0x00000007daa00000,0x00000007daf00000,0x00000007daf00000)
  to   space 5120K, 0% used [0x00000007da500000,0x00000007da500000,0x00000007daa00000)
 ParOldGen       total 84992K, used 35611K [0x0000000783000000, 0x0000000788300000, 0x00000007d6500000)
  object space 84992K, 41% used [0x0000000783000000,0x00000007852c6d10,0x0000000788300000)
 PSPermGen       total 21504K, used 4356K [0x000000077de00000, 0x000000077f300000, 0x0000000783000000)
  object space 21504K, 20% used [0x000000077de00000,0x000000077e241080,0x000000077f300000)
}
Event: 1.363 GC heap before
{Heap before GC invocations=3 (full 0):
 PSYoungGen      total 70656K, used 70656K [0x00000007d6500000, 0x00000007daf00000, 0x0000000800000000)
  eden space 65536K, 100% used [0x00000007d6500000,0x00000007da500000,0x00000007da500000)
  from space 5120K, 100% used [0x00000007daa00000,0x00000007daf00000,0x00000007daf00000)
  to   space 5120K, 0% used [0x00000007da500000,0x00000007da500000,0x00000007daa00000)
 ParOldGen       total 84992K, used 35611K [0x0000000783000000, 0x0000000788300000, 0x00000007d6500000)
  object space 84992K, 41% used [0x0000000783000000,0x00000007852c6d10,0x0000000788300000)
 PSPermGen       total 21504K, used 4357K [0x000000077de00000, 0x000000077f300000, 0x0000000783000000)
  object space 21504K, 20% used [0x000000077de00000,0x000000077e241490,0x000000077f300000)
Event: 1.436 GC heap after
Heap after GC invocations=3 (full 0):
 PSYoungGen      total 70656K, used 5120K [0x00000007d6500000, 0x00000007def00000, 0x0000000800000000)
  eden space 65536K, 0% used [0x00000007d6500000,0x00000007d6500000,0x00000007da500000)
  from space 5120K, 100% used [0x00000007da500000,0x00000007daa00000,0x00000007daa00000)
  to   space 5120K, 0% used [0x00000007dea00000,0x00000007dea00000,0x00000007def00000)
 ParOldGen       total 87040K, used 86715K [0x0000000783000000, 0x0000000788500000, 0x00000007d6500000)
  object space 87040K, 99% used [0x0000000783000000,0x00000007884aed10,0x0000000788500000)
 PSPermGen       total 21504K, used 4357K [0x000000077de00000, 0x000000077f300000, 0x0000000783000000)
  object space 21504K, 20% used [0x000000077de00000,0x000000077e241490,0x000000077f300000)
}
Event: 1.436 GC heap before
{Heap before GC invocations=4 (full 1):
 PSYoungGen      total 70656K, used 5120K [0x00000007d6500000, 0x00000007def00000, 0x0000000800000000)
  eden space 65536K, 0% used [0x00000007d6500000,0x00000007d6500000,0x00000007da500000)
  from space 5120K, 100% used [0x00000007da500000,0x00000007daa00000,0x00000007daa00000)
  to   space 5120K, 0% used [0x00000007dea00000,0x00000007dea00000,0x00000007def00000)
 ParOldGen       total 87040K, used 86715K [0x0000000783000000, 0x0000000788500000, 0x00000007d6500000)
  object space 87040K, 99% used [0x0000000783000000,0x00000007884aed10,0x0000000788500000)
 PSPermGen       total 21504K, used 4357K [0x000000077de00000, 0x000000077f300000, 0x0000000783000000)
  object space 21504K, 20% used [0x000000077de00000,0x000000077e241490,0x000000077f300000)
Event: 1.985 GC heap after
Heap after GC invocations=4 (full 1):
 PSYoungGen      total 70656K, used 0K [0x00000007d6500000, 0x00000007def00000, 0x0000000800000000)
  eden space 65536K, 0% used [0x00000007d6500000,0x00000007d6500000,0x00000007da500000)
  from space 5120K, 0% used [0x00000007da500000,0x00000007da500000,0x00000007daa00000)
  to   space 5120K, 0% used [0x00000007dea00000,0x00000007dea00000,0x00000007def00000)
 ParOldGen       total 193024K, used 84528K [0x0000000783000000, 0x000000078ec80000, 0x00000007d6500000)
  object space 193024K, 43% used [0x0000000783000000,0x000000078828c3a8,0x000000078ec80000)
 PSPermGen       total 21504K, used 4355K [0x000000077de00000, 0x000000077f300000, 0x0000000783000000)
  object space 21504K, 20% used [0x000000077de00000,0x000000077e240f10,0x000000077f300000)
}
Event: 6.123 GC heap before
{Heap before GC invocations=5 (full 1):
 PSYoungGen      total 70656K, used 65536K [0x00000007d6500000, 0x00000007def00000, 0x0000000800000000)
  eden space 65536K, 100% used [0x00000007d6500000,0x00000007da500000,0x00000007da500000)
  from space 5120K, 0% used [0x00000007da500000,0x00000007da500000,0x00000007daa00000)
  to   space 5120K, 0% used [0x00000007dea00000,0x00000007dea00000,0x00000007def00000)
 ParOldGen       total 193024K, used 84528K [0x0000000783000000, 0x000000078ec80000, 0x00000007d6500000)
  object space 193024K, 43% used [0x0000000783000000,0x000000078828c3a8,0x000000078ec80000)
 PSPermGen       total 21504K, used 6937K [0x000000077de00000, 0x000000077f300000, 0x0000000783000000)
  object space 21504K, 32% used [0x000000077de00000,0x000000077e4c66f8,0x000000077f300000)
Event: 6.150 GC heap after
Heap after GC invocations=5 (full 1):
 PSYoungGen      total 90624K, used 5120K [0x00000007d6500000, 0x00000007def00000, 0x0000000800000000)
  eden space 85504K, 0% used [0x00000007d6500000,0x00000007d6500000,0x00000007db880000)
  from space 5120K, 100% used [0x00000007dea00000,0x00000007def00000,0x00000007def00000)
  to   space 5120K, 0% used [0x00000007de500000,0x00000007de500000,0x00000007dea00000)
 ParOldGen       total 193024K, used 90594K [0x0000000783000000, 0x000000078ec80000, 0x00000007d6500000)
  object space 193024K, 46% used [0x0000000783000000,0x0000000788878850,0x000000078ec80000)
 PSPermGen       total 21504K, used 6937K [0x000000077de00000, 0x000000077f300000, 0x0000000783000000)
  object space 21504K, 32% used [0x000000077de00000,0x000000077e4c66f8,0x000000077f300000)
}
Event: 14.095 GC heap before
{Heap before GC invocations=6 (full 1):
 PSYoungGen      total 90624K, used 90624K [0x00000007d6500000, 0x00000007def00000, 0x0000000800000000)
  eden space 85504K, 100% used [0x00000007d6500000,0x00000007db880000,0x00000007db880000)
  from space 5120K, 100% used [0x00000007dea00000,0x00000007def00000,0x00000007def00000)
  to   space 5120K, 0% used [0x00000007de500000,0x00000007de500000,0x00000007dea00000)
 ParOldGen       total 193024K, used 90594K [0x0000000783000000, 0x000000078ec80000, 0x00000007d6500000)
  object space 193024K, 46% used [0x0000000783000000,0x0000000788878850,0x000000078ec80000)
 PSPermGen       total 21504K, used 6938K [0x000000077de00000, 0x000000077f300000, 0x0000000783000000)
  object space 21504K, 32% used [0x000000077de00000,0x000000077e4c69d8,0x000000077f300000)
Event: 14.105 GC heap after
Heap after GC invocations=6 (full 1):
 PSYoungGen      total 111616K, used 5120K [0x00000007d6500000, 0x00000007e4300000, 0x0000000800000000)
  eden space 106496K, 0% used [0x00000007d6500000,0x00000007d6500000,0x00000007dcd00000)
  from space 5120K, 100% used [0x00000007de500000,0x00000007dea00000,0x00000007dea00000)
  to   space 60416K, 0% used [0x00000007e0800000,0x00000007e0800000,0x00000007e4300000)
 ParOldGen       total 193024K, used 90610K [0x0000000783000000, 0x000000078ec80000, 0x00000007d6500000)
  object space 193024K, 46% used [0x0000000783000000,0x000000078887c850,0x000000078ec80000)
 PSPermGen       total 21504K, used 6938K [0x000000077de00000, 0x000000077f300000, 0x0000000783000000)
  object space 21504K, 32% used [0x000000077de00000,0x000000077e4c69d8,0x000000077f300000)
}

Deoptimization events (10 events):
Event: 2.372 Thread 0x000000000222e000 Uncommon trap: reason=unreached action=reinterpret pc=0x00000000026d2250 method=java.util.ArrayList.ensureCapacityInternal(I)V @ 7
Event: 2.396 Thread 0x000000000222e000 Uncommon trap: reason=predicate action=maybe_recompile pc=0x00000000026d613c method=java.util.TimSort.binarySort([Ljava/lang/Object;IIILjava/util/Comparator;)V @ 37
Event: 2.396 Thread 0x000000000222e000 Uncommon trap: reason=array_check action=maybe_recompile pc=0x00000000026e1dac method=java.util.TimSort.mergeLo(IIII)V @ 77
Event: 2.396 Thread 0x000000000222e000 Uncommon trap: reason=array_check action=maybe_recompile pc=0x00000000026de074 method=java.util.TimSort.mergeHi(IIII)V @ 91
Event: 2.396 Thread 0x000000000222e000 Uncommon trap: reason=array_check action=maybe_recompile pc=0x00000000026e1dac method=java.util.TimSort.mergeLo(IIII)V @ 77
Event: 2.396 Thread 0x000000000222e000 Uncommon trap: reason=array_check action=maybe_recompile pc=0x00000000026e1dac method=java.util.TimSort.mergeLo(IIII)V @ 77
Event: 2.396 Thread 0x000000000222e000 Uncommon trap: reason=array_check action=maybe_recompile pc=0x00000000026e1dac method=java.util.TimSort.mergeLo(IIII)V @ 77
Event: 2.396 Thread 0x000000000222e000 Uncommon trap: reason=array_check action=maybe_recompile pc=0x00000000026de074 method=java.util.TimSort.mergeHi(IIII)V @ 91
Event: 2.397 Thread 0x000000000222e000 Uncommon trap: reason=array_check action=maybe_recompile pc=0x00000000026de074 method=java.util.TimSort.mergeHi(IIII)V @ 91
Event: 2.397 Thread 0x000000000222e000 Uncommon trap: reason=array_check action=maybe_recompile pc=0x00000000026de074 method=java.util.TimSort.mergeHi(IIII)V @ 91

Internal exceptions (10 events):
Event: 2.434 Thread 0x000000000222e000 Threw 0x00000007d88884d0 at C:\re\jdk7u60\1081\hotspot\src\share\vm\prims\jvm.cpp:1244
Event: 2.438 Thread 0x000000000222e000 Threw 0x00000007d888a1b0 at C:\re\jdk7u60\1081\hotspot\src\share\vm\prims\jvm.cpp:1244
Event: 2.442 Thread 0x000000000222e000 Threw 0x00000007d888b850 at C:\re\jdk7u60\1081\hotspot\src\share\vm\prims\jvm.cpp:1244
Event: 2.486 Thread 0x000000000222e000 Threw 0x00000007d88c8378 at C:\re\jdk7u60\1081\hotspot\src\share\vm\prims\jvm.cpp:1244
Event: 2.490 Thread 0x000000000222e000 Threw 0x00000007d88c9e38 at C:\re\jdk7u60\1081\hotspot\src\share\vm\prims\jvm.cpp:1244
Event: 2.495 Thread 0x000000000222e000 Threw 0x00000007d88cc6a8 at C:\re\jdk7u60\1081\hotspot\src\share\vm\prims\jvm.cpp:1244
Event: 2.780 Thread 0x000000000222e000 Threw 0x00000007d8ab6530 at C:\re\jdk7u60\1081\hotspot\src\share\vm\prims\jvm.cpp:1244
Event: 2.780 Thread 0x000000000222e000 Threw 0x00000007d8ab8f38 at C:\re\jdk7u60\1081\hotspot\src\share\vm\prims\jvm.cpp:1244
Event: 2.781 Thread 0x000000000222e000 Threw 0x00000007d8abb460 at C:\re\jdk7u60\1081\hotspot\src\share\vm\prims\jvm.cpp:1244
Event: 22.052 Thread 0x000000000222e000 Threw 0x00000007db6a35a0 at C:\re\jdk7u60\1081\hotspot\src\share\vm\prims\jvm.cpp:1244

Events (10 events):
Event: 2.782 Thread 0x0000000011b74800 Thread added: 0x0000000011b74800
Event: 4.252 Executing VM operation: EnableBiasedLocking
Event: 4.252 Executing VM operation: EnableBiasedLocking done
Event: 6.123 Executing VM operation: ParallelGCFailedAllocation
Event: 6.150 Executing VM operation: ParallelGCFailedAllocation done
Event: 14.095 Executing VM operation: ParallelGCFailedAllocation
Event: 14.105 Executing VM operation: ParallelGCFailedAllocation done
Event: 19.938 Thread 0x000000000a71f800 flushing nmethod 0x00000000026d1b50
Event: 22.052 loading class 0x000000000c4fce70
Event: 22.052 loading class 0x000000000c4fce70 done


Dynamic libraries:
0x000000013feb0000 - 0x000000013fee3000 	C:\Program Files\Java\jdk1.7.0_60\bin\java.exe
0x0000000077620000 - 0x00000000777c9000 	C:\Windows\SYSTEM32\ntdll.dll
0x0000000077400000 - 0x000000007751f000 	C:\Windows\system32\kernel32.dll
0x000007fefd470000 - 0x000007fefd4dc000 	C:\Windows\system32\KERNELBASE.dll
0x000007fefdf20000 - 0x000007fefdffb000 	C:\Windows\system32\ADVAPI32.dll
0x000007fefddb0000 - 0x000007fefde4f000 	C:\Windows\system32\msvcrt.dll
0x000007fefd7a0000 - 0x000007fefd7bf000 	C:\Windows\SYSTEM32\sechost.dll
0x000007fefd8b0000 - 0x000007fefd9dd000 	C:\Windows\system32\RPCRT4.dll
0x0000000077520000 - 0x000000007761a000 	C:\Windows\system32\USER32.dll
0x000007fefd7c0000 - 0x000007fefd827000 	C:\Windows\system32\GDI32.dll
0x000007fefe370000 - 0x000007fefe37e000 	C:\Windows\system32\LPK.dll
0x000007fefd9e0000 - 0x000007fefdaa9000 	C:\Windows\system32\USP10.dll
0x000007fefbcb0000 - 0x000007fefbea4000 	C:\Windows\WinSxS\amd64_microsoft.windows.common-controls_6595b64144ccf1df_6.0.7601.17514_none_fa396087175ac9ac\COMCTL32.dll
0x000007fefd830000 - 0x000007fefd8a1000 	C:\Windows\system32\SHLWAPI.dll
0x000007fefdef0000 - 0x000007fefdf1e000 	C:\Windows\system32\IMM32.DLL
0x000007fefe380000 - 0x000007fefe489000 	C:\Windows\system32\MSCTF.dll
0x0000000073b30000 - 0x0000000073c02000 	C:\Program Files\Java\jdk1.7.0_60\jre\bin\msvcr100.dll
0x000000006d2e0000 - 0x000000006dab2000 	C:\Program Files\Java\jdk1.7.0_60\jre\bin\server\jvm.dll
0x000007fef7f00000 - 0x000007fef7f09000 	C:\Windows\system32\WSOCK32.dll
0x000007feff6d0000 - 0x000007feff71d000 	C:\Windows\system32\WS2_32.dll
0x000007fefdd00000 - 0x000007fefdd08000 	C:\Windows\system32\NSI.dll
0x000007fefa680000 - 0x000007fefa6bb000 	C:\Windows\system32\WINMM.dll
0x00000000777f0000 - 0x00000000777f7000 	C:\Windows\system32\PSAPI.DLL
0x0000000073f30000 - 0x0000000073f3f000 	C:\Program Files\Java\jdk1.7.0_60\jre\bin\verify.dll
0x00000000736b0000 - 0x00000000736d8000 	C:\Program Files\Java\jdk1.7.0_60\jre\bin\java.dll
0x0000000073c80000 - 0x0000000073c95000 	C:\Program Files\Java\jdk1.7.0_60\jre\bin\zip.dll
0x0000000180000000 - 0x0000000180051000 	E:\Programs\LWJGL\native\windows\lwjgl64.dll
0x000007fef5e60000 - 0x000007fef5f7d000 	C:\Windows\system32\OPENGL32.dll
0x000007fef9850000 - 0x000007fef987d000 	C:\Windows\system32\GLU32.dll
0x000007fef66f0000 - 0x000007fef67e1000 	C:\Windows\system32\DDRAW.dll
0x000007fefa3c0000 - 0x000007fefa3c8000 	C:\Windows\system32\DCIMAN32.dll
0x000007fefe190000 - 0x000007fefe367000 	C:\Windows\system32\SETUPAPI.dll
0x000007fefd4e0000 - 0x000007fefd516000 	C:\Windows\system32\CFGMGR32.dll
0x000007fefe490000 - 0x000007fefe567000 	C:\Windows\system32\OLEAUT32.dll
0x000007feff720000 - 0x000007feff923000 	C:\Windows\system32\ole32.dll
0x000007fefd520000 - 0x000007fefd53a000 	C:\Windows\system32\DEVOBJ.dll
0x000007fefb700000 - 0x000007fefb718000 	C:\Windows\system32\dwmapi.dll
0x000007fefc540000 - 0x000007fefc54c000 	C:\Windows\system32\VERSION.dll
0x000007fefbc50000 - 0x000007fefbca6000 	C:\Windows\system32\uxtheme.dll
0x0000000011320000 - 0x0000000011361000 	C:\Program Files (x86)\NetSupport\NetSupport School\pciappctrl64.dll
0x000007fefe940000 - 0x000007feff6c8000 	C:\Windows\system32\SHELL32.dll
0x000007fef5390000 - 0x000007fef54b5000 	C:\Windows\system32\dbghelp.dll
0x000007fefb2d0000 - 0x000007fefb2e8000 	C:\Windows\system32\MPR.dll
0x00000000021d0000 - 0x00000000021f5000 	C:\Program Files (x86)\Common Files\NSL\NSCommonHook64.dll
0x000000000cce0000 - 0x000000000d4b1000 	C:\Windows\system32\ig7icd64.dll
0x000007feeccb0000 - 0x000007feed110000 	C:\Windows\system32\igdusc64.dll
0x000007fefd240000 - 0x000007fefd24f000 	C:\Windows\system32\CRYPTBASE.dll
0x000007fef9d10000 - 0x000007fef9dac000 	C:\Windows\system32\mscms.dll
0x000007fefd6b0000 - 0x000007fefd6ce000 	C:\Windows\system32\USERENV.dll
0x000007fefd3f0000 - 0x000007fefd3ff000 	C:\Windows\system32\profapi.dll
0x000007fef9cc0000 - 0x000007fef9d02000 	C:\Windows\system32\icm32.dll
0x000007fefb3b0000 - 0x000007fefb3ba000 	C:\Windows\System32\drprov.dll
0x000007fefd2f0000 - 0x000007fefd32d000 	C:\Windows\System32\WINSTA.dll
0x000007fefa520000 - 0x000007fefa542000 	C:\Windows\System32\ntlanman.dll
0x000007fefa4b0000 - 0x000007fefa4cd000 	C:\Windows\System32\davclnt.dll
0x000007fefb8a0000 - 0x000007fefb8aa000 	C:\Windows\System32\DAVHLPR.dll
0x000000006f7e0000 - 0x000000006f975000 	C:\Program Files\Java\jdk1.7.0_60\jre\bin\awt.dll

VM Arguments:
jvm_args: -Dfile.encoding=UTF-8 -Djava.library.path=E:\Programs\LWJGL\native\windows 
java_command: core.Main
Launcher Type: SUN_STANDARD

Environment Variables:
PATH=C:\Program Files\Common Files\Microsoft Shared\Windows Live;C:\Program Files (x86)\Common Files\Microsoft Shared\Windows Live;C:\Program Files (x86)\Intel\iCLS Client\;C:\Program Files\Intel\iCLS Client\;C:\Windows\system32;C:\Windows;C:\Windows\System32\Wbem;C:\Windows\System32\WindowsPowerShell\v1.0\;C:\Program Files\Intel\WiFi\bin\;C:\Program Files\Common Files\Intel\WirelessCommon\;C:\Program Files (x86)\Intel\OpenCL SDK\2.0\bin\x86;C:\Program Files (x86)\Intel\OpenCL SDK\2.0\bin\x64;C:\Program Files\Intel\Intel(R) Management Engine Components\DAL;C:\Program Files\Intel\Intel(R) Management Engine Components\IPT;C:\Program Files (x86)\Intel\Intel(R) Management Engine Components\DAL;C:\Program Files (x86)\Intel\Intel(R) Management Engine Components\IPT;C:\SWTOOLS\ReadyApps;C:\Program Files (x86)\QuickTime\QTSystem\;C:\Program Files (x86)\Windows Live\Shared
USERNAME=RSoiffer16
OS=Windows_NT
PROCESSOR_IDENTIFIER=Intel64 Family 6 Model 58 Stepping 9, GenuineIntel



---------------  S Y S T E M  ---------------

OS: Windows 7 , 64 bit Build 7601 Service Pack 1

CPU:total 4 (2 cores per cpu, 2 threads per core) family 6 model 58 stepping 9, cmov, cx8, fxsr, mmx, sse, sse2, sse3, ssse3, sse4.1, sse4.2, popcnt, avx, erms, ht, tsc, tscinvbit, tscinv

Memory: 4k page, physical 8189208k(5047776k free), swap 16376552k(12720740k free)

vm_info: Java HotSpot(TM) 64-Bit Server VM (24.60-b09) for windows-amd64 JRE (1.7.0_60-b19), built on May  7 2014 12:55:18 by "java_re" with unknown MS VC++:1600

time: Wed Mar 18 16:19:49 2015
elapsed time: 22 seconds

